2025-11-27 08:49:56 +0000  Initial pipeline context: <IDEDistributionProcessingPipelineContext: 0x8d0ffcc00; archive(resolved)="<IDEArchive: 0x8dd07aed0>", distributionTask(resolved)="2", distributionDestination(resolved)="2", distributionMethod(resolved)="<IDEDistributionMethodiOSAppStoreDistribution: 0x8d45ee6d0>", team(resolved)="<IDEProvisioningDisambiguatableBasicTeam: 0x8d5d0e300; teamID='9BMJQNCSMG', teamName='Amrik Singh', teamType='Individual', username='itonline.gku@gmail.com', isFreeProvisioningTeam='0'>">
	Chain (17, self inclusive):
	<IDEDistributionProcessingPipelineContext: 0x8d0ffcc00; archive = "<IDEArchive: 0x8dd07aed0>", distributionMethod="<IDEDistributionMethodiOSAppStoreDistribution: 0x8d45ee6d0>", team="<IDEProvisioningDisambiguatableBasicTeam: 0x8d5d0e300; teamID='9BMJQNCSMG', teamName='Amrik Singh', teamType='Individual', username='itonline.gku@gmail.com', isFreeProvisioningTeam='0'>">
	<IDEDistributionProcessingPipelineContext: 0x8d0ffe700; archive = "<IDEArchive: 0x8dd07aed0>", distributionMethod="<IDEDistributionMethodiOSAppStoreDistribution: 0x8d45ee6d0>", team="<IDEProvisioningDisambiguatableBasicTeam: 0x8d5d0e300; teamID='9BMJQNCSMG', teamName='Amrik Singh', teamType='Individual', username='itonline.gku@gmail.com', isFreeProvisioningTeam='0'>">
	<IDEDistributionContext: 0x8dc4cfc00; archive = "<IDEArchive: 0x8dd07aed0>", distributionMethod="<IDEDistributionMethodiOSAppStoreDistribution: 0x8d45ee6d0>", team="<IDEProvisioningDisambiguatableBasicTeam: 0x8d5d0e300; teamID='9BMJQNCSMG', teamName='Amrik Singh', teamType='Individual', username='itonline.gku@gmail.com', isFreeProvisioningTeam='0'>">
	<IDEDistributionContext: 0x8dc4cca00; archive = "<IDEArchive: 0x8dd07aed0>", distributionMethod="<IDEDistributionMethodiOSAppStoreDistribution: 0x8d45ee6d0>", team="<IDEProvisioningDisambiguatableBasicTeam: 0x8d5d0e300; teamID='9BMJQNCSMG', teamName='Amrik Singh', teamType='Individual', username='itonline.gku@gmail.com', isFreeProvisioningTeam='0'>">
	<IDEDistributionContext: 0x8dc4ccc80; archive = "<IDEArchive: 0x8dd07aed0>", distributionMethod="<IDEDistributionMethodiOSAppStoreDistribution: 0x8d45ee6d0>", team="<IDEProvisioningDisambiguatableBasicTeam: 0x8d5d0e300; teamID='9BMJQNCSMG', teamName='Amrik Singh', teamType='Individual', username='itonline.gku@gmail.com', isFreeProvisioningTeam='0'>">
	<IDEDistributionContext: 0x8dc4cc780; archive = "<IDEArchive: 0x8dd07aed0>", distributionMethod="<IDEDistributionMethodiOSAppStoreDistribution: 0x8d45ee6d0>", team="<IDEProvisioningDisambiguatableBasicTeam: 0x8d5d0e300; teamID='9BMJQNCSMG', teamName='Amrik Singh', teamType='Individual', username='itonline.gku@gmail.com', isFreeProvisioningTeam='0'>">
	<IDEDistributionContext: 0x8e1e7db80; archive = "<IDEArchive: 0x8dd07aed0>", distributionMethod="<IDEDistributionMethodiOSAppStoreDistribution: 0x8d45ee6d0>", team="<IDEProvisioningDisambiguatableBasicTeam: 0x8d5d0e300; teamID='9BMJQNCSMG', teamName='Amrik Singh', teamType='Individual', username='itonline.gku@gmail.com', isFreeProvisioningTeam='0'>">
	<IDEDistributionContext: 0x8e1e7e080; archive = "<IDEArchive: 0x8dd07aed0>", distributionMethod="<IDEDistributionMethodiOSAppStoreDistribution: 0x8d45ee6d0>", team="<IDEProvisioningDisambiguatableBasicTeam: 0x8d5d0e300; teamID='9BMJQNCSMG', teamName='Amrik Singh', teamType='Individual', username='itonline.gku@gmail.com', isFreeProvisioningTeam='0'>">
	<IDEDistributionContext: 0x8e1e7de00; archive = "<IDEArchive: 0x8dd07aed0>", distributionMethod="<IDEDistributionMethodiOSAppStoreDistribution: 0x8d45ee6d0>", team="<IDEProvisioningDisambiguatableBasicTeam: 0x8d5d0e300; teamID='9BMJQNCSMG', teamName='Amrik Singh', teamType='Individual', username='itonline.gku@gmail.com', isFreeProvisioningTeam='0'>">
	<IDEDistributionContext: 0x8e1e7ca00; archive = "<IDEArchive: 0x8dd07aed0>", distributionMethod="<IDEDistributionMethodiOSAppStoreDistribution: 0x8d45ee6d0>", team="<IDEProvisioningDisambiguatableBasicTeam: 0x8d5d0e300; teamID='9BMJQNCSMG', teamName='Amrik Singh', teamType='Individual', username='itonline.gku@gmail.com', isFreeProvisioningTeam='0'>">
	<IDEDistributionContext: 0x8e1e7cf00; archive = "<IDEArchive: 0x8dd07aed0>", distributionMethod="<IDEDistributionMethodiOSAppStoreDistribution: 0x8d45ee6d0>", team="<IDEProvisioningDisambiguatableBasicTeam: 0x8d5d0e300; teamID='9BMJQNCSMG', teamName='Amrik Singh', teamType='Individual', username='itonline.gku@gmail.com', isFreeProvisioningTeam='0'>">
	<IDEDistributionContext: 0x8dc4db700; archive = "<IDEArchive: 0x8dd07aed0>", distributionMethod="<IDEDistributionMethodiOSAppStoreDistribution: 0x8d45ee6d0>", team="<IDEProvisioningDisambiguatableBasicTeam: 0x8d5d0e300; teamID='9BMJQNCSMG', teamName='Amrik Singh', teamType='Individual', username='itonline.gku@gmail.com', isFreeProvisioningTeam='0'>">
	<IDEDistributionContext: 0x8de620a00; archive = "<IDEArchive: 0x8dd07aed0>", distributionMethod="<IDEDistributionMethodiOSAppStoreDistribution: 0x8d45ee6d0>", team="(null)">
	<IDEDistributionContext: 0x8de622580; archive = "<IDEArchive: 0x8dd07aed0>", distributionMethod="<IDEDistributionMethodiOSAppStoreDistribution: 0x8d45ee6d0>", team="(null)">
	<IDEDistributionContext: 0x8de622d00; archive = "<IDEArchive: 0x8dd07aed0>", distributionMethod="(null)", team="(null)">
	<IDEDistributionContext: 0x8df2e8c80; archive = "<IDEArchive: 0x8dd07aed0>", distributionMethod="(null)", team="(null)">
	<IDEDistributionContext: 0x8df2e8280; archive = "<IDEArchive: 0x8dd07aed0>", distributionMethod="(null)", team="(null)">
</IDEDistributionProcessingPipelineContext: 0x8d0ffcc00>
2025-11-27 08:49:56 +0000  Processing step: IDEDistributionCreateDestRootStep
2025-11-27 08:49:56 +0000  Processing step: IDEDistributionCopyItemStep
2025-11-27 08:49:56 +0000  Running /usr/bin/ditto '-V' '/Users/gurukashi/Library/Developer/Xcode/Archives/2025-11-27/GkuAppRebuild 27-11-25, 2.19 PM.xcarchive/Products/Applications/GkuAppRebuild.app' '/var/folders/2t/swskv1n97mx59668qs37p9ym0000gn/T/XcodeDistPipeline.~~~zFVqXz/Root/Payload/GkuAppRebuild.app'
2025-11-27 08:49:56 +0000  >>> Copying /Users/gurukashi/Library/Developer/Xcode/Archives/2025-11-27/GkuAppRebuild 27-11-25, 2.19 PM.xcarchive/Products/Applications/GkuAppRebuild.app 
2025-11-27 08:49:56 +0000  copying file ./_CodeSignature/CodeResources ... 
2025-11-27 08:49:56 +0000  29211 bytes for ./_CodeSignature/CodeResources
2025-11-27 08:49:56 +0000  copying file ./Fontisto.ttf ... 
2025-11-27 08:49:56 +0000  313528 bytes for ./Fontisto.ttf
2025-11-27 08:49:56 +0000  copying file ./Octicons.ttf ... 
2025-11-27 08:49:56 +0000  49404 bytes for ./Octicons.ttf
copying file ./Feather.ttf ... 
2025-11-27 08:49:56 +0000  56228 bytes for ./Feather.ttf
2025-11-27 08:49:56 +0000  copying file ./FirebaseCore_Privacy.bundle/PrivacyInfo.xcprivacy ... 
2025-11-27 08:49:56 +0000  855 bytes for ./FirebaseCore_Privacy.bundle/PrivacyInfo.xcprivacy
2025-11-27 08:49:56 +0000  copying file ./FirebaseCore_Privacy.bundle/Info.plist ... 
2025-11-27 08:49:56 +0000  788 bytes for ./FirebaseCore_Privacy.bundle/Info.plist
2025-11-27 08:49:56 +0000  copying file ./FontAwesome6_Regular.ttf ... 
2025-11-27 08:49:56 +0000  67976 bytes for ./FontAwesome6_Regular.ttf
2025-11-27 08:49:56 +0000  copying file ./Entypo.ttf ... 
2025-11-27 08:49:56 +0000  66200 bytes for ./Entypo.ttf
2025-11-27 08:49:56 +0000  copying file ./RNImagePickerPrivacyInfo.bundle/PrivacyInfo.xcprivacy ... 
2025-11-27 08:49:56 +0000  905 bytes for ./RNImagePickerPrivacyInfo.bundle/PrivacyInfo.xcprivacy
2025-11-27 08:49:56 +0000  copying file ./RNImagePickerPrivacyInfo.bundle/Info.plist ... 
2025-11-27 08:49:56 +0000  794 bytes for ./RNImagePickerPrivacyInfo.bundle/Info.plist
2025-11-27 08:49:56 +0000  copying file ./FontAwesome5_Brands.ttf ... 
2025-11-27 08:49:56 +0000  134040 bytes for ./FontAwesome5_Brands.ttf
2025-11-27 08:49:56 +0000  copying file ./MaterialCommunityIcons.ttf ... 
2025-11-27 08:49:56 +0000  1147844 bytes for ./MaterialCommunityIcons.ttf
2025-11-27 08:49:56 +0000  copying file ./glog_privacy.bundle/Info.plist ... 
2025-11-27 08:49:56 +0000  769 bytes for ./glog_privacy.bundle/Info.plist
2025-11-27 08:49:56 +0000  copying file ./FBLPromises_Privacy.bundle/PrivacyInfo.xcprivacy ... 
2025-11-27 08:49:56 +0000  373 bytes for ./FBLPromises_Privacy.bundle/PrivacyInfo.xcprivacy
2025-11-27 08:49:56 +0000  copying file ./FBLPromises_Privacy.bundle/Info.plist ... 
2025-11-27 08:49:56 +0000  784 bytes for ./FBLPromises_Privacy.bundle/Info.plist
2025-11-27 08:49:56 +0000  copying file ./AppIcon60x60@2x.png ... 
2025-11-27 08:49:56 +0000  24109 bytes for ./AppIcon60x60@2x.png
2025-11-27 08:49:56 +0000  copying file ./AntDesign.ttf ... 
2025-11-27 08:49:56 +0000  70344 bytes for ./AntDesign.ttf
2025-11-27 08:49:56 +0000  copying file ./Foundation.ttf ... 
2025-11-27 08:49:56 +0000  56976 bytes for ./Foundation.ttf
2025-11-27 08:49:56 +0000  copying file ./Ionicons.ttf ... 
2025-11-27 08:49:56 +0000  442604 bytes for ./Ionicons.ttf
2025-11-27 08:49:56 +0000  copying file ./FontAwesome5_Solid.ttf ... 
2025-11-27 08:49:56 +0000  202744 bytes for ./FontAwesome5_Solid.ttf
2025-11-27 08:49:56 +0000  copying file ./FirebaseCoreInternal_Privacy.bundle/PrivacyInfo.xcprivacy ... 
2025-11-27 08:49:56 +0000  855 bytes for ./FirebaseCoreInternal_Privacy.bundle/PrivacyInfo.xcprivacy
2025-11-27 08:49:56 +0000  copying file ./FirebaseCoreInternal_Privacy.bundle/Info.plist ... 
2025-11-27 08:49:56 +0000  804 bytes for ./FirebaseCoreInternal_Privacy.bundle/Info.plist
2025-11-27 08:49:56 +0000  copying file ./GoogleDataTransport_Privacy.bundle/PrivacyInfo.xcprivacy ... 
2025-11-27 08:49:56 +0000  1105 bytes for ./GoogleDataTransport_Privacy.bundle/PrivacyInfo.xcprivacy
2025-11-27 08:49:56 +0000  copying file ./GoogleDataTransport_Privacy.bundle/Info.plist ... 
2025-11-27 08:49:56 +0000  802 bytes for ./GoogleDataTransport_Privacy.bundle/Info.plist
2025-11-27 08:49:56 +0000  copying file ./FontAwesome5_Regular.ttf ... 
2025-11-27 08:49:56 +0000  33736 bytes for ./FontAwesome5_Regular.ttf
2025-11-27 08:49:56 +0000  copying file ./React-cxxreact_privacy.bundle/PrivacyInfo.xcprivacy ... 
2025-11-27 08:49:56 +0000  552 bytes for ./React-cxxreact_privacy.bundle/PrivacyInfo.xcprivacy
2025-11-27 08:49:56 +0000  copying file ./React-cxxreact_privacy.bundle/Info.plist ... 
2025-11-27 08:49:56 +0000  792 bytes for ./React-cxxreact_privacy.bundle/Info.plist
2025-11-27 08:49:56 +0000  copying file ./nanopb_Privacy.bundle/PrivacyInfo.xcprivacy ... 
2025-11-27 08:49:56 +0000  374 bytes for ./nanopb_Privacy.bundle/PrivacyInfo.xcprivacy
2025-11-27 08:49:56 +0000  copying file ./nanopb_Privacy.bundle/Info.plist ... 
2025-11-27 08:49:56 +0000  777 bytes for ./nanopb_Privacy.bundle/Info.plist
2025-11-27 08:49:56 +0000  copying file ./FirebaseMessaging_Privacy.bundle/PrivacyInfo.xcprivacy ... 
2025-11-27 08:49:56 +0000  2357 bytes for ./FirebaseMessaging_Privacy.bundle/PrivacyInfo.xcprivacy
2025-11-27 08:49:56 +0000  copying file ./FirebaseMessaging_Privacy.bundle/Info.plist ... 
2025-11-27 08:49:56 +0000  798 bytes for ./FirebaseMessaging_Privacy.bundle/Info.plist
2025-11-27 08:49:56 +0000  copying file ./GoogleService-Info.plist ... 
2025-11-27 08:49:56 +0000  470 bytes for ./GoogleService-Info.plist
2025-11-27 08:49:56 +0000  copying file ./FirebaseCoreExtension_Privacy.bundle/PrivacyInfo.xcprivacy ... 
2025-11-27 08:49:56 +0000  478 bytes for ./FirebaseCoreExtension_Privacy.bundle/PrivacyInfo.xcprivacy
2025-11-27 08:49:56 +0000  copying file ./FirebaseCoreExtension_Privacy.bundle/Info.plist ... 
2025-11-27 08:49:56 +0000  806 bytes for ./FirebaseCoreExtension_Privacy.bundle/Info.plist
2025-11-27 08:49:56 +0000  copying file ./FontAwesome.ttf ... 
2025-11-27 08:49:56 +0000  165548 bytes for ./FontAwesome.ttf
2025-11-27 08:49:56 +0000  copying file ./Zocial.ttf ... 
2025-11-27 08:49:56 +0000  25788 bytes for ./Zocial.ttf
2025-11-27 08:49:56 +0000  copying file ./RCT-Folly_privacy.bundle/Info.plist ... 
2025-11-27 08:49:56 +0000  786 bytes for ./RCT-Folly_privacy.bundle/Info.plist
2025-11-27 08:49:56 +0000  copying file ./Assets.car ... 
2025-11-27 08:49:56 +0000  1211896 bytes for ./Assets.car
2025-11-27 08:49:56 +0000  copying file ./EvilIcons.ttf ... 
2025-11-27 08:49:56 +0000  13456 bytes for ./EvilIcons.ttf
2025-11-27 08:49:56 +0000  copying file ./FirebaseInstallations_Privacy.bundle/PrivacyInfo.xcprivacy ... 
2025-11-27 08:49:56 +0000  1105 bytes for ./FirebaseInstallations_Privacy.bundle/PrivacyInfo.xcprivacy
2025-11-27 08:49:56 +0000  copying file ./FirebaseInstallations_Privacy.bundle/Info.plist ... 
2025-11-27 08:49:56 +0000  806 bytes for ./FirebaseInstallations_Privacy.bundle/Info.plist
2025-11-27 08:49:56 +0000  copying file ./GoogleUtilities_Privacy.bundle/PrivacyInfo.xcprivacy ... 
2025-11-27 08:49:56 +0000  1233 bytes for ./GoogleUtilities_Privacy.bundle/PrivacyInfo.xcprivacy
2025-11-27 08:49:56 +0000  copying file ./GoogleUtilities_Privacy.bundle/Info.plist ... 
2025-11-27 08:49:56 +0000  793 bytes for ./GoogleUtilities_Privacy.bundle/Info.plist
2025-11-27 08:49:56 +0000  copying file ./main.jsbundle ... 
2025-11-27 08:49:56 +0000  6294341 bytes for ./main.jsbundle
2025-11-27 08:49:56 +0000  copying file ./FontAwesome6_Solid.ttf ... 
2025-11-27 08:49:56 +0000  423676 bytes for ./FontAwesome6_Solid.ttf
2025-11-27 08:49:56 +0000  copying file ./PrivacyInfo.xcprivacy ... 
2025-11-27 08:49:56 +0000  521 bytes for ./PrivacyInfo.xcprivacy
2025-11-27 08:49:56 +0000  copying file ./LaunchScreen.storyboardc/01J-lp-oVM-view-Ze5-6b-2t3.nib ... 
2025-11-27 08:49:56 +0000  3821 bytes for ./LaunchScreen.storyboardc/01J-lp-oVM-view-Ze5-6b-2t3.nib
2025-11-27 08:49:56 +0000  copying file ./LaunchScreen.storyboardc/UIViewController-01J-lp-oVM.nib ... 
2025-11-27 08:49:56 +0000  924 bytes for ./LaunchScreen.storyboardc/UIViewController-01J-lp-oVM.nib
2025-11-27 08:49:56 +0000  copying file ./LaunchScreen.storyboardc/Info.plist ... 
2025-11-27 08:49:56 +0000  258 bytes for ./LaunchScreen.storyboardc/Info.plist
2025-11-27 08:49:56 +0000  copying file ./boost_privacy.bundle/Info.plist ... 
2025-11-27 08:49:56 +0000  772 bytes for ./boost_privacy.bundle/Info.plist
2025-11-27 08:49:56 +0000  copying file ./Frameworks/hermes.framework/_CodeSignature/CodeResources ... 
2025-11-27 08:49:56 +0000  1798 bytes for ./Frameworks/hermes.framework/_CodeSignature/CodeResources
2025-11-27 08:49:56 +0000  copying file ./Frameworks/hermes.framework/hermes ... 
2025-11-27 08:49:56 +0000  4728064 bytes for ./Frameworks/hermes.framework/hermes
2025-11-27 08:49:56 +0000  copying file ./Frameworks/hermes.framework/Info.plist ... 
859 bytes for ./Frameworks/hermes.framework/Info.plist
copying file ./SimpleLineIcons.ttf ... 
2025-11-27 08:49:56 +0000  54056 bytes for ./SimpleLineIcons.ttf
2025-11-27 08:49:56 +0000  copying file ./FontAwesome6_Brands.ttf ... 
2025-11-27 08:49:56 +0000  209376 bytes for ./FontAwesome6_Brands.ttf
2025-11-27 08:49:56 +0000  copying file ./embedded.mobileprovision ... 
2025-11-27 08:49:56 +0000  12431 bytes for ./embedded.mobileprovision
2025-11-27 08:49:56 +0000  copying file ./ReactNativeBlobUtilPrivacyInfo.bundle/PrivacyInfo.xcprivacy ... 
2025-11-27 08:49:56 +0000  753 bytes for ./ReactNativeBlobUtilPrivacyInfo.bundle/PrivacyInfo.xcprivacy
2025-11-27 08:49:56 +0000  copying file ./ReactNativeBlobUtilPrivacyInfo.bundle/Info.plist ... 
2025-11-27 08:49:56 +0000  808 bytes for ./ReactNativeBlobUtilPrivacyInfo.bundle/Info.plist
2025-11-27 08:49:56 +0000  copying file ./assets/node_modules/react-native-alert-notification/src/assets/info.png ... 
2025-11-27 08:49:56 +0000  1474 bytes for ./assets/node_modules/react-native-alert-notification/src/assets/info.png
2025-11-27 08:49:56 +0000  copying file ./assets/node_modules/react-native-alert-notification/src/assets/warning.png ... 
2025-11-27 08:49:56 +0000  2076 bytes for ./assets/node_modules/react-native-alert-notification/src/assets/warning.png
2025-11-27 08:49:56 +0000  copying file ./assets/node_modules/react-native-alert-notification/src/assets/success.png ... 
2025-11-27 08:49:56 +0000  2224 bytes for ./assets/node_modules/react-native-alert-notification/src/assets/success.png
2025-11-27 08:49:56 +0000  copying file ./assets/node_modules/react-native-alert-notification/src/assets/danger.png ... 
2025-11-27 08:49:56 +0000  1881 bytes for ./assets/node_modules/react-native-alert-notification/src/assets/danger.png
2025-11-27 08:49:56 +0000  copying file ./assets/node_modules/react-native-dropdown-select-list/assets/images/check.png ... 
2025-11-27 08:49:56 +0000  426 bytes for ./assets/node_modules/react-native-dropdown-select-list/assets/images/check.png
2025-11-27 08:49:56 +0000  copying file ./assets/node_modules/react-native-dropdown-select-list/assets/images/chevron.png ... 
2025-11-27 08:49:56 +0000  269 bytes for ./assets/node_modules/react-native-dropdown-select-list/assets/images/chevron.png
2025-11-27 08:49:56 +0000  copying file ./assets/node_modules/react-native-dropdown-select-list/assets/images/search.png ... 
2025-11-27 08:49:56 +0000  337 bytes for ./assets/node_modules/react-native-dropdown-select-list/assets/images/search.png
2025-11-27 08:49:56 +0000  copying file ./assets/node_modules/react-native-dropdown-select-list/assets/images/close.png ... 
2025-11-27 08:49:56 +0000  506 bytes for ./assets/node_modules/react-native-dropdown-select-list/assets/images/close.png
2025-11-27 08:49:56 +0000  copying file ./assets/node_modules/@react-navigation/drawer/lib/module/views/assets/toggle-drawer-icon@3x.png ... 
2025-11-27 08:49:56 +0000  212 bytes for ./assets/node_modules/@react-navigation/drawer/lib/module/views/assets/toggle-drawer-icon@3x.png
2025-11-27 08:49:56 +0000  copying file ./assets/node_modules/@react-navigation/drawer/lib/module/views/assets/toggle-drawer-icon@2x.png ... 
2025-11-27 08:49:56 +0000  163 bytes for ./assets/node_modules/@react-navigation/drawer/lib/module/views/assets/toggle-drawer-icon@2x.png
2025-11-27 08:49:56 +0000  copying file ./assets/node_modules/@react-navigation/drawer/lib/module/views/assets/toggle-drawer-icon.png ... 
2025-11-27 08:49:56 +0000  108 bytes for ./assets/node_modules/@react-navigation/drawer/lib/module/views/assets/toggle-drawer-icon.png
2025-11-27 08:49:56 +0000  copying file ./assets/node_modules/@react-navigation/elements/lib/module/assets/back-icon@3x.png ... 
2025-11-27 08:49:56 +0000  761 bytes for ./assets/node_modules/@react-navigation/elements/lib/module/assets/back-icon@3x.png
2025-11-27 08:49:56 +0000  copying file ./assets/node_modules/@react-navigation/elements/lib/module/assets/back-icon@2x.png ... 
2025-11-27 08:49:56 +0000  405 bytes for ./assets/node_modules/@react-navigation/elements/lib/module/assets/back-icon@2x.png
2025-11-27 08:49:56 +0000  copying file ./assets/node_modules/@react-navigation/elements/lib/module/assets/search-icon@2x.png ... 
2025-11-27 08:49:56 +0000  589 bytes for ./assets/node_modules/@react-navigation/elements/lib/module/assets/search-icon@2x.png
2025-11-27 08:49:56 +0000  copying file ./assets/node_modules/@react-navigation/elements/lib/module/assets/clear-icon@3x.png ... 
2025-11-27 08:49:56 +0000  502 bytes for ./assets/node_modules/@react-navigation/elements/lib/module/assets/clear-icon@3x.png
2025-11-27 08:49:56 +0000  copying file ./assets/node_modules/@react-navigation/elements/lib/module/assets/back-icon.png ... 
2025-11-27 08:49:56 +0000  290 bytes for ./assets/node_modules/@react-navigation/elements/lib/module/assets/back-icon.png
2025-11-27 08:49:56 +0000  copying file ./assets/node_modules/@react-navigation/elements/lib/module/assets/clear-icon@2x.png ... 
2025-11-27 08:49:56 +0000  334 bytes for ./assets/node_modules/@react-navigation/elements/lib/module/assets/clear-icon@2x.png
2025-11-27 08:49:56 +0000  copying file ./assets/node_modules/@react-navigation/elements/lib/module/assets/search-icon@3x.png ... 
2025-11-27 08:49:56 +0000  839 bytes for ./assets/node_modules/@react-navigation/elements/lib/module/assets/search-icon@3x.png
2025-11-27 08:49:56 +0000  copying file ./assets/node_modules/@react-navigation/elements/lib/module/assets/close-icon.png ... 
2025-11-27 08:49:56 +0000  141 bytes for ./assets/node_modules/@react-navigation/elements/lib/module/assets/close-icon.png
2025-11-27 08:49:56 +0000  copying file ./assets/node_modules/@react-navigation/elements/lib/module/assets/back-icon-mask.png ... 
2025-11-27 08:49:56 +0000  653 bytes for ./assets/node_modules/@react-navigation/elements/lib/module/assets/back-icon-mask.png
2025-11-27 08:49:56 +0000  copying file ./assets/node_modules/@react-navigation/elements/lib/module/assets/close-icon@2x.png ... 
2025-11-27 08:49:56 +0000  201 bytes for ./assets/node_modules/@react-navigation/elements/lib/module/assets/close-icon@2x.png
2025-11-27 08:49:56 +0000  copying file ./assets/node_modules/@react-navigation/elements/lib/module/assets/close-icon@3x.png ... 
2025-11-27 08:49:56 +0000  266 bytes for ./assets/node_modules/@react-navigation/elements/lib/module/assets/close-icon@3x.png
2025-11-27 08:49:56 +0000  copying file ./assets/node_modules/@react-navigation/elements/lib/module/assets/clear-icon.png ... 
2025-11-27 08:49:56 +0000  220 bytes for ./assets/node_modules/@react-navigation/elements/lib/module/assets/clear-icon.png
2025-11-27 08:49:56 +0000  copying file ./assets/node_modules/@react-navigation/elements/lib/module/assets/search-icon.png ... 
2025-11-27 08:49:56 +0000  317 bytes for ./assets/node_modules/@react-navigation/elements/lib/module/assets/search-icon.png
2025-11-27 08:49:56 +0000  copying file ./assets/node_modules/react-native-paper/src/assets/back-chevron.png ... 
2025-11-27 08:49:56 +0000  489 bytes for ./assets/node_modules/react-native-paper/src/assets/back-chevron.png
2025-11-27 08:49:56 +0000  copying file ./assets/src/images/UserProfile.png ... 
2025-11-27 08:49:56 +0000  65407 bytes for ./assets/src/images/UserProfile.png
2025-11-27 08:49:56 +0000  copying file ./assets/src/images/new-logo.png ... 
2025-11-27 08:49:56 +0000  62069 bytes for ./assets/src/images/new-logo.png
2025-11-27 08:49:56 +0000  copying file ./assets/src/images/join-logo.png ... 
2025-11-27 08:49:56 +0000  1538179 bytes for ./assets/src/images/join-logo.png
2025-11-27 08:49:56 +0000  copying file ./assets/src/images/lock.png ... 
2025-11-27 08:49:56 +0000  1271430 bytes for ./assets/src/images/lock.png
2025-11-27 08:49:56 +0000  copying file ./assets/src/images/naaclogo.png ... 
2025-11-27 08:49:56 +0000  28745 bytes for ./assets/src/images/naaclogo.png
2025-11-27 08:49:56 +0000  copying file ./assets/src/images/loading.gif ... 
2025-11-27 08:49:56 +0000  69228 bytes for ./assets/src/images/loading.gif
2025-11-27 08:49:56 +0000  copying file ./assets/src/images/carousal2.webp ... 
2025-11-27 08:49:56 +0000  21132 bytes for ./assets/src/images/carousal2.webp
2025-11-27 08:49:56 +0000  copying file ./assets/src/images/carousal4.jpg ... 
2025-11-27 08:49:56 +0000  73983 bytes for ./assets/src/images/carousal4.jpg
2025-11-27 08:49:56 +0000  copying file ./assets/src/images/profileReject.png ... 
2025-11-27 08:49:56 +0000  20550 bytes for ./assets/src/images/profileReject.png
2025-11-27 08:49:56 +0000  copying file ./assets/src/images/carousal1.jpg ... 
2025-11-27 08:49:56 +0000  184968 bytes for ./assets/src/images/carousal1.jpg
copying file ./assets/src/images/profile.jpg ... 
2025-11-27 08:49:56 +0000  67908 bytes for ./assets/src/images/profile.jpg
2025-11-27 08:49:56 +0000  copying file ./assets/src/images/carousal3.jpg ... 
2025-11-27 08:49:56 +0000  94589 bytes for ./assets/src/images/carousal3.jpg
2025-11-27 08:49:56 +0000  copying file ./assets/src/images/bgLogin.jpg ... 
2025-11-27 08:49:56 +0000  1666949 bytes for ./assets/src/images/bgLogin.jpg
2025-11-27 08:49:56 +0000  copying file ./assets/src/images/gku-logo.png ... 
2025-11-27 08:49:56 +0000  34467 bytes for ./assets/src/images/gku-logo.png
2025-11-27 08:49:56 +0000  copying file ./Info.plist ... 
2025-11-27 08:49:56 +0000  4618 bytes for ./Info.plist
2025-11-27 08:49:56 +0000  copying file ./PkgInfo ... 
2025-11-27 08:49:56 +0000  8 bytes for ./PkgInfo
2025-11-27 08:49:56 +0000  copying file ./MaterialIcons.ttf ... 
2025-11-27 08:49:56 +0000  356840 bytes for ./MaterialIcons.ttf
2025-11-27 08:49:56 +0000  copying file ./React-Core_privacy.bundle/PrivacyInfo.xcprivacy ... 
2025-11-27 08:49:56 +0000  768 bytes for ./React-Core_privacy.bundle/PrivacyInfo.xcprivacy
2025-11-27 08:49:56 +0000  copying file ./React-Core_privacy.bundle/Info.plist ... 
2025-11-27 08:49:56 +0000  784 bytes for ./React-Core_privacy.bundle/Info.plist
2025-11-27 08:49:56 +0000  copying file ./GkuAppRebuild ... 
2025-11-27 08:49:56 +0000  8220304 bytes for ./GkuAppRebuild
2025-11-27 08:49:56 +0000  /usr/bin/ditto exited with 0
2025-11-27 08:49:56 +0000  Processing step: IDEDistributionEmbedProfileStep
2025-11-27 08:49:56 +0000  Skipping profile for item: <IDEDistributionItem: 0x89e266a60; bundleID='dev.hermesengine.iphoneos', path='<DVTFilePath:0x8dd07aae0:'/Users/gurukashi/Library/Developer/Xcode/Archives/2025-11-27/GkuAppRebuild 27-11-25, 2.19 PM.xcarchive/Products/Applications/GkuAppRebuild.app/Frameworks/hermes.framework'>', codeSigningInfo='<_DVTCodeSigningInformation_Path: 0x89e2679c0; isSigned='1', isAdHocSigned='0', signingCertificate='<DVTSigningCertificate: 0x892cee400; name='Apple Development: Amrik Singh (948BXFQF5K)', hash='3786382EA82A365A9BB71510490E8A50D27B34A9', serialNumber='44EA9DD2A8B81C7D7DE2798134A67C5B', certificateKinds='(
    "1.2.840.113635.100.6.1.12",
    "1.2.840.113635.100.6.1.2"
), issueDate='2025-11-18 03:48:02 +0000''>', entitlements='(null)', teamID='9BMJQNCSMG', identifier='dev.hermesengine.iphoneos', executablePath='<DVTFilePath:0x8cb9d67c0:'/Users/gurukashi/Library/Developer/Xcode/Archives/2025-11-27/GkuAppRebuild 27-11-25, 2.19 PM.xcarchive/Products/Applications/GkuAppRebuild.app/Frameworks/hermes.framework/hermes'>', hardenedRuntime='0'>'>
2025-11-27 08:49:56 +0000  Processing step: IDEDistributionInfoPlistStep
2025-11-27 08:49:56 +0000  Skipping Info.plist step because item: <IDEDistributionItem: 0x89e266a60; bundleID='dev.hermesengine.iphoneos', path='<DVTFilePath:0x8dd07aae0:'/Users/gurukashi/Library/Developer/Xcode/Archives/2025-11-27/GkuAppRebuild 27-11-25, 2.19 PM.xcarchive/Products/Applications/GkuAppRebuild.app/Frameworks/hermes.framework'>', codeSigningInfo='<_DVTCodeSigningInformation_Path: 0x89e2679c0; isSigned='1', isAdHocSigned='0', signingCertificate='<DVTSigningCertificate: 0x892cee400; name='Apple Development: Amrik Singh (948BXFQF5K)', hash='3786382EA82A365A9BB71510490E8A50D27B34A9', serialNumber='44EA9DD2A8B81C7D7DE2798134A67C5B', certificateKinds='(
    "1.2.840.113635.100.6.1.12",
    "1.2.840.113635.100.6.1.2"
), issueDate='2025-11-18 03:48:02 +0000''>', entitlements='(null)', teamID='9BMJQNCSMG', identifier='dev.hermesengine.iphoneos', executablePath='<DVTFilePath:0x8cb9d67c0:'/Users/gurukashi/Library/Developer/Xcode/Archives/2025-11-27/GkuAppRebuild 27-11-25, 2.19 PM.xcarchive/Products/Applications/GkuAppRebuild.app/Frameworks/hermes.framework/hermes'>', hardenedRuntime='0'>'> is a framework or embedded in a framework.
2025-11-27 08:49:56 +0000  Skipping setting DTXcodeBuildDistribution because toolsBuildVersionName was nil.
2025-11-27 08:49:56 +0000  Processing step: IDEDistributionItemRemovalStep
2025-11-27 08:49:56 +0000  Processing step: IDEDistributionAppThinningPlistStep
2025-11-27 08:49:56 +0000  Skipping step: IDEDistributionAppThinningPlistStep because it said so
2025-11-27 08:49:56 +0000  Processing step: IDEDistributionSymbolsStep
2025-11-27 08:49:56 +0000  Writing /var/folders/2t/swskv1n97mx59668qs37p9ym0000gn/T/XcodeDistPipeline.~~~zFVqXz/Symbols/4CB76E29-0041-38C3-A592-4BCB4ECB4196.symbols
2025-11-27 08:49:56 +0000  Upload Symbols Failed
2025-11-27 08:49:56 +0000  Processing step: IDEDistributionCopyAppleProvidedContentStep
2025-11-27 08:49:56 +0000  Processing step: IDEDistributionAppThinningStep
2025-11-27 08:49:56 +0000  Skipping step: IDEDistributionAppThinningStep because it said so
2025-11-27 08:49:56 +0000  Processing step: IDEDistributionArchThinningStep
2025-11-27 08:49:56 +0000  Archs to thin for item /Users/gurukashi/Library/Developer/Xcode/Archives/2025-11-27/GkuAppRebuild 27-11-25, 2.19 PM.xcarchive/Products/Applications/GkuAppRebuild.app/Frameworks/hermes.framework are []
2025-11-27 08:49:56 +0000  Archs to thin for item /Users/gurukashi/Library/Developer/Xcode/Archives/2025-11-27/GkuAppRebuild 27-11-25, 2.19 PM.xcarchive/Products/Applications/GkuAppRebuild.app are []
2025-11-27 08:49:56 +0000  Processing step: IDEDistributionODRStep
2025-11-27 08:49:56 +0000  Processing step: IDEDistributionStripXattrsStep
2025-11-27 08:49:56 +0000  Skipping stripping extended attributes because the codesign step will strip them.
2025-11-27 08:49:56 +0000  Skipping stripping extended attributes because the codesign step will strip them.
2025-11-27 08:49:56 +0000  Processing step: IDEDistributionCodesignStep
2025-11-27 08:49:56 +0000  Entitlements for <IDEDistributionItem: 0x89e266a60; bundleID='dev.hermesengine.iphoneos', path='<DVTFilePath:0x8dd07aae0:'/Users/gurukashi/Library/Developer/Xcode/Archives/2025-11-27/GkuAppRebuild 27-11-25, 2.19 PM.xcarchive/Products/Applications/GkuAppRebuild.app/Frameworks/hermes.framework'>', codeSigningInfo='<_DVTCodeSigningInformation_Path: 0x89e2679c0; isSigned='1', isAdHocSigned='0', signingCertificate='<DVTSigningCertificate: 0x892cee700; name='Apple Development: Amrik Singh (948BXFQF5K)', hash='3786382EA82A365A9BB71510490E8A50D27B34A9', serialNumber='44EA9DD2A8B81C7D7DE2798134A67C5B', certificateKinds='(
    "1.2.840.113635.100.6.1.12",
    "1.2.840.113635.100.6.1.2"
), issueDate='2025-11-18 03:48:02 +0000''>', entitlements='(null)', teamID='9BMJQNCSMG', identifier='dev.hermesengine.iphoneos', executablePath='<DVTFilePath:0x8cb9d67c0:'/Users/gurukashi/Library/Developer/Xcode/Archives/2025-11-27/GkuAppRebuild 27-11-25, 2.19 PM.xcarchive/Products/Applications/GkuAppRebuild.app/Frameworks/hermes.framework/hermes'>', hardenedRuntime='0'>'>: {
}
2025-11-27 08:49:56 +0000  Associated App Clip Identifiers Filter: Skipping because "com.apple.developer.associated-appclip-app-identifiers" is not present
2025-11-27 08:49:56 +0000  Entitlements for <IDEDistributionItem: 0x89e266a60; bundleID='dev.hermesengine.iphoneos', path='<DVTFilePath:0x8dd07aae0:'/Users/gurukashi/Library/Developer/Xcode/Archives/2025-11-27/GkuAppRebuild 27-11-25, 2.19 PM.xcarchive/Products/Applications/GkuAppRebuild.app/Frameworks/hermes.framework'>', codeSigningInfo='<_DVTCodeSigningInformation_Path: 0x89e2679c0; isSigned='1', isAdHocSigned='0', signingCertificate='<DVTSigningCertificate: 0x892cee7c0; name='Apple Development: Amrik Singh (948BXFQF5K)', hash='3786382EA82A365A9BB71510490E8A50D27B34A9', serialNumber='44EA9DD2A8B81C7D7DE2798134A67C5B', certificateKinds='(
    "1.2.840.113635.100.6.1.12",
    "1.2.840.113635.100.6.1.2"
), issueDate='2025-11-18 03:48:02 +0000''>', entitlements='(null)', teamID='9BMJQNCSMG', identifier='dev.hermesengine.iphoneos', executablePath='<DVTFilePath:0x8cb9d67c0:'/Users/gurukashi/Library/Developer/Xcode/Archives/2025-11-27/GkuAppRebuild 27-11-25, 2.19 PM.xcarchive/Products/Applications/GkuAppRebuild.app/Frameworks/hermes.framework/hermes'>', hardenedRuntime='0'>'> are: {
}
2025-11-27 08:49:56 +0000  Writing entitlements for <IDEDistributionItem: 0x89e266a60; bundleID='dev.hermesengine.iphoneos', path='<DVTFilePath:0x8dd07aae0:'/Users/gurukashi/Library/Developer/Xcode/Archives/2025-11-27/GkuAppRebuild 27-11-25, 2.19 PM.xcarchive/Products/Applications/GkuAppRebuild.app/Frameworks/hermes.framework'>', codeSigningInfo='<_DVTCodeSigningInformation_Path: 0x89e2679c0; isSigned='1', isAdHocSigned='0', signingCertificate='<DVTSigningCertificate: 0x892cee7c0; name='Apple Development: Amrik Singh (948BXFQF5K)', hash='3786382EA82A365A9BB71510490E8A50D27B34A9', serialNumber='44EA9DD2A8B81C7D7DE2798134A67C5B', certificateKinds='(
    "1.2.840.113635.100.6.1.12",
    "1.2.840.113635.100.6.1.2"
), issueDate='2025-11-18 03:48:02 +0000''>', entitlements='(null)', teamID='9BMJQNCSMG', identifier='dev.hermesengine.iphoneos', executablePath='<DVTFilePath:0x8cb9d67c0:'/Users/gurukashi/Library/Developer/Xcode/Archives/2025-11-27/GkuAppRebuild 27-11-25, 2.19 PM.xcarchive/Products/Applications/GkuAppRebuild.app/Frameworks/hermes.framework/hermes'>', hardenedRuntime='0'>'> to: /var/folders/2t/swskv1n97mx59668qs37p9ym0000gn/T/XcodeDistPipeline.~~~zFVqXz/entitlements~~~ZeO0Il
2025-11-27 08:49:56 +0000  invoking codesign: <NSConcreteTask: 0x8d65a8d20; launchPath='/usr/bin/codesign', arguments='(
    "-f",
    "-s",
    CA12A10058574AA67773399EA0C22F5C106903BD,
    "--entitlements",
    "/var/folders/2t/swskv1n97mx59668qs37p9ym0000gn/T/XcodeDistPipeline.~~~zFVqXz/entitlements~~~ZeO0Il",
    "--preserve-metadata=identifier,flags,runtime,launch-constraints,library-constraints",
    "--generate-entitlement-der",
    "--strip-disallowed-xattrs",
    "-vvv",
    "/var/folders/2t/swskv1n97mx59668qs37p9ym0000gn/T/XcodeDistPipeline.~~~zFVqXz/Root/Payload/GkuAppRebuild.app/Frameworks/hermes.framework"
)'>
2025-11-27 08:50:03 +0000  codesign output: /var/folders/2t/swskv1n97mx59668qs37p9ym0000gn/T/XcodeDistPipeline.~~~zFVqXz/Root/Payload/GkuAppRebuild.app/Frameworks/hermes.framework: replacing existing signature
/var/folders/2t/swskv1n97mx59668qs37p9ym0000gn/T/XcodeDistPipeline.~~~zFVqXz/Root/Payload/GkuAppRebuild.app/Frameworks/hermes.framework: signed bundle with Mach-O thin (arm64) [dev.hermesengine.iphoneos]
2025-11-27 08:50:03 +0000  Entitlements for <IDEDistributionItem: 0x89e266880; bundleID='in.ac.gku.gkuapp', path='<DVTFilePath:0x8ddd69ce0:'/Users/gurukashi/Library/Developer/Xcode/Archives/2025-11-27/GkuAppRebuild 27-11-25, 2.19 PM.xcarchive/Products/Applications/GkuAppRebuild.app'>', codeSigningInfo='<_DVTCodeSigningInformation_Path: 0x89e267ae0; isSigned='1', isAdHocSigned='0', signingCertificate='<DVTSigningCertificate: 0x892cedbc0; name='Apple Development: Amrik Singh (948BXFQF5K)', hash='3786382EA82A365A9BB71510490E8A50D27B34A9', serialNumber='44EA9DD2A8B81C7D7DE2798134A67C5B', certificateKinds='(
    "1.2.840.113635.100.6.1.12",
    "1.2.840.113635.100.6.1.2"
), issueDate='2025-11-18 03:48:02 +0000''>', entitlements='{
    "application-identifier" = "9BMJQNCSMG.in.ac.gku.gkuapp";
    "com.apple.developer.team-identifier" = 9BMJQNCSMG;
    "get-task-allow" = 1;
}', teamID='9BMJQNCSMG', identifier='in.ac.gku.gkuapp', executablePath='<DVTFilePath:0x89e265380:'/Users/gurukashi/Library/Developer/Xcode/Archives/2025-11-27/GkuAppRebuild 27-11-25, 2.19 PM.xcarchive/Products/Applications/GkuAppRebuild.app/GkuAppRebuild'>', hardenedRuntime='0'>'>: {
    "application-identifier" = "9BMJQNCSMG.in.ac.gku.gkuapp";
    "beta-reports-active" = 1;
    "com.apple.developer.team-identifier" = 9BMJQNCSMG;
    "get-task-allow" = 0;
}
2025-11-27 08:50:03 +0000  Associated App Clip Identifiers Filter: Skipping because "com.apple.developer.associated-appclip-app-identifiers" is not present
2025-11-27 08:50:03 +0000  Entitlements for <IDEDistributionItem: 0x89e266880; bundleID='in.ac.gku.gkuapp', path='<DVTFilePath:0x8ddd69ce0:'/Users/gurukashi/Library/Developer/Xcode/Archives/2025-11-27/GkuAppRebuild 27-11-25, 2.19 PM.xcarchive/Products/Applications/GkuAppRebuild.app'>', codeSigningInfo='<_DVTCodeSigningInformation_Path: 0x89e267ae0; isSigned='1', isAdHocSigned='0', signingCertificate='<DVTSigningCertificate: 0x892cee1c0; name='Apple Development: Amrik Singh (948BXFQF5K)', hash='3786382EA82A365A9BB71510490E8A50D27B34A9', serialNumber='44EA9DD2A8B81C7D7DE2798134A67C5B', certificateKinds='(
    "1.2.840.113635.100.6.1.12",
    "1.2.840.113635.100.6.1.2"
), issueDate='2025-11-18 03:48:02 +0000''>', entitlements='{
    "application-identifier" = "9BMJQNCSMG.in.ac.gku.gkuapp";
    "com.apple.developer.team-identifier" = 9BMJQNCSMG;
    "get-task-allow" = 1;
}', teamID='9BMJQNCSMG', identifier='in.ac.gku.gkuapp', executablePath='<DVTFilePath:0x89e265380:'/Users/gurukashi/Library/Developer/Xcode/Archives/2025-11-27/GkuAppRebuild 27-11-25, 2.19 PM.xcarchive/Products/Applications/GkuAppRebuild.app/GkuAppRebuild'>', hardenedRuntime='0'>'> are: {
    "application-identifier" = "9BMJQNCSMG.in.ac.gku.gkuapp";
    "beta-reports-active" = 1;
    "com.apple.developer.team-identifier" = 9BMJQNCSMG;
    "get-task-allow" = 0;
}
2025-11-27 08:50:03 +0000  Writing entitlements for <IDEDistributionItem: 0x89e266880; bundleID='in.ac.gku.gkuapp', path='<DVTFilePath:0x8ddd69ce0:'/Users/gurukashi/Library/Developer/Xcode/Archives/2025-11-27/GkuAppRebuild 27-11-25, 2.19 PM.xcarchive/Products/Applications/GkuAppRebuild.app'>', codeSigningInfo='<_DVTCodeSigningInformation_Path: 0x89e267ae0; isSigned='1', isAdHocSigned='0', signingCertificate='<DVTSigningCertificate: 0x892cee1c0; name='Apple Development: Amrik Singh (948BXFQF5K)', hash='3786382EA82A365A9BB71510490E8A50D27B34A9', serialNumber='44EA9DD2A8B81C7D7DE2798134A67C5B', certificateKinds='(
    "1.2.840.113635.100.6.1.12",
    "1.2.840.113635.100.6.1.2"
), issueDate='2025-11-18 03:48:02 +0000''>', entitlements='{
    "application-identifier" = "9BMJQNCSMG.in.ac.gku.gkuapp";
    "com.apple.developer.team-identifier" = 9BMJQNCSMG;
    "get-task-allow" = 1;
}', teamID='9BMJQNCSMG', identifier='in.ac.gku.gkuapp', executablePath='<DVTFilePath:0x89e265380:'/Users/gurukashi/Library/Developer/Xcode/Archives/2025-11-27/GkuAppRebuild 27-11-25, 2.19 PM.xcarchive/Products/Applications/GkuAppRebuild.app/GkuAppRebuild'>', hardenedRuntime='0'>'> to: /var/folders/2t/swskv1n97mx59668qs37p9ym0000gn/T/XcodeDistPipeline.~~~zFVqXz/entitlements~~~XrHFYH
2025-11-27 08:50:03 +0000  invoking codesign: <NSConcreteTask: 0x8d65ab890; launchPath='/usr/bin/codesign', arguments='(
    "-f",
    "-s",
    CA12A10058574AA67773399EA0C22F5C106903BD,
    "--entitlements",
    "/var/folders/2t/swskv1n97mx59668qs37p9ym0000gn/T/XcodeDistPipeline.~~~zFVqXz/entitlements~~~XrHFYH",
    "--preserve-metadata=identifier,flags,runtime,launch-constraints,library-constraints",
    "--generate-entitlement-der",
    "--strip-disallowed-xattrs",
    "-vvv",
    "/var/folders/2t/swskv1n97mx59668qs37p9ym0000gn/T/XcodeDistPipeline.~~~zFVqXz/Root/Payload/GkuAppRebuild.app"
)'>
2025-11-27 08:50:05 +0000  codesign output: /var/folders/2t/swskv1n97mx59668qs37p9ym0000gn/T/XcodeDistPipeline.~~~zFVqXz/Root/Payload/GkuAppRebuild.app: replacing existing signature
/var/folders/2t/swskv1n97mx59668qs37p9ym0000gn/T/XcodeDistPipeline.~~~zFVqXz/Root/Payload/GkuAppRebuild.app: signed app bundle with Mach-O thin (arm64) [in.ac.gku.gkuapp]
2025-11-27 08:50:05 +0000  Processing step: IDEDistributionZipODRItemStep
2025-11-27 08:50:05 +0000  Skipping step: IDEDistributionZipODRItemStep because it said so
2025-11-27 08:50:05 +0000  Skipping step: IDEDistributionZipODRItemStep because it said so
2025-11-27 08:50:05 +0000  Processing step: IDEDistributionCreateIPAStep
2025-11-27 08:50:05 +0000  Running /usr/bin/rsync '-8aPhhE' '/var/folders/2t/swskv1n97mx59668qs37p9ym0000gn/T/XcodeDistPipeline.~~~zFVqXz/Symbols' '--link-dest' '/var/folders/2t/swskv1n97mx59668qs37p9ym0000gn/T/XcodeDistPipeline.~~~zFVqXz' '/var/folders/2t/swskv1n97mx59668qs37p9ym0000gn/T/XcodeDistPipeline.~~~zFVqXz/Root'
2025-11-27 08:50:05 +0000  Symbols/
Symbols/4CB76E29-0041-38C3-A592-4BCB4ECB4196.symbols
2025-11-27 08:50:05 +0000  /usr/bin/rsync exited with 0
2025-11-27 08:50:05 +0000  Running /usr/bin/ditto '-V' '-c' '-k' '--norsrc' '/var/folders/2t/swskv1n97mx59668qs37p9ym0000gn/T/XcodeDistPipeline.~~~zFVqXz/Root' '/var/folders/2t/swskv1n97mx59668qs37p9ym0000gn/T/XcodeDistPipeline.~~~zFVqXz/Packages/GkuAppRebuild.ipa'
2025-11-27 08:50:05 +0000  >>> Copying /var/folders/2t/swskv1n97mx59668qs37p9ym0000gn/T/XcodeDistPipeline.~~~zFVqXz/Root 
2025-11-27 08:50:05 +0000  copying file ./Payload/GkuAppRebuild.app/_CodeSignature/CodeResources ... 
2025-11-27 08:50:05 +0000  29211 bytes for ./Payload/GkuAppRebuild.app/_CodeSignature/CodeResources
2025-11-27 08:50:05 +0000  copying file ./Payload/GkuAppRebuild.app/Fontisto.ttf ... 
2025-11-27 08:50:05 +0000  313528 bytes for ./Payload/GkuAppRebuild.app/Fontisto.ttf
2025-11-27 08:50:05 +0000  copying file ./Payload/GkuAppRebuild.app/Octicons.ttf ... 
2025-11-27 08:50:05 +0000  49404 bytes for ./Payload/GkuAppRebuild.app/Octicons.ttf
2025-11-27 08:50:05 +0000  copying file ./Payload/GkuAppRebuild.app/Feather.ttf ... 
2025-11-27 08:50:05 +0000  56228 bytes for ./Payload/GkuAppRebuild.app/Feather.ttf
2025-11-27 08:50:05 +0000  copying file ./Payload/GkuAppRebuild.app/FirebaseCore_Privacy.bundle/PrivacyInfo.xcprivacy ... 
2025-11-27 08:50:05 +0000  855 bytes for ./Payload/GkuAppRebuild.app/FirebaseCore_Privacy.bundle/PrivacyInfo.xcprivacy
2025-11-27 08:50:05 +0000  copying file ./Payload/GkuAppRebuild.app/FirebaseCore_Privacy.bundle/Info.plist ... 
2025-11-27 08:50:05 +0000  788 bytes for ./Payload/GkuAppRebuild.app/FirebaseCore_Privacy.bundle/Info.plist
2025-11-27 08:50:05 +0000  copying file ./Payload/GkuAppRebuild.app/FontAwesome6_Regular.ttf ... 
2025-11-27 08:50:05 +0000  67976 bytes for ./Payload/GkuAppRebuild.app/FontAwesome6_Regular.ttf
2025-11-27 08:50:05 +0000  copying file ./Payload/GkuAppRebuild.app/Entypo.ttf ... 
2025-11-27 08:50:05 +0000  66200 bytes for ./Payload/GkuAppRebuild.app/Entypo.ttf
2025-11-27 08:50:05 +0000  copying file ./Payload/GkuAppRebuild.app/RNImagePickerPrivacyInfo.bundle/PrivacyInfo.xcprivacy ... 
2025-11-27 08:50:05 +0000  905 bytes for ./Payload/GkuAppRebuild.app/RNImagePickerPrivacyInfo.bundle/PrivacyInfo.xcprivacy
2025-11-27 08:50:05 +0000  copying file ./Payload/GkuAppRebuild.app/RNImagePickerPrivacyInfo.bundle/Info.plist ... 
2025-11-27 08:50:05 +0000  794 bytes for ./Payload/GkuAppRebuild.app/RNImagePickerPrivacyInfo.bundle/Info.plist
2025-11-27 08:50:05 +0000  copying file ./Payload/GkuAppRebuild.app/FontAwesome5_Brands.ttf ... 
2025-11-27 08:50:05 +0000  134040 bytes for ./Payload/GkuAppRebuild.app/FontAwesome5_Brands.ttf
2025-11-27 08:50:05 +0000  copying file ./Payload/GkuAppRebuild.app/MaterialCommunityIcons.ttf ... 
2025-11-27 08:50:05 +0000  1147844 bytes for ./Payload/GkuAppRebuild.app/MaterialCommunityIcons.ttf
2025-11-27 08:50:05 +0000  copying file ./Payload/GkuAppRebuild.app/glog_privacy.bundle/Info.plist ... 
2025-11-27 08:50:05 +0000  769 bytes for ./Payload/GkuAppRebuild.app/glog_privacy.bundle/Info.plist
2025-11-27 08:50:05 +0000  copying file ./Payload/GkuAppRebuild.app/FBLPromises_Privacy.bundle/PrivacyInfo.xcprivacy ... 
2025-11-27 08:50:05 +0000  373 bytes for ./Payload/GkuAppRebuild.app/FBLPromises_Privacy.bundle/PrivacyInfo.xcprivacy
2025-11-27 08:50:05 +0000  copying file ./Payload/GkuAppRebuild.app/FBLPromises_Privacy.bundle/Info.plist ... 
2025-11-27 08:50:05 +0000  784 bytes for ./Payload/GkuAppRebuild.app/FBLPromises_Privacy.bundle/Info.plist
2025-11-27 08:50:05 +0000  copying file ./Payload/GkuAppRebuild.app/AppIcon60x60@2x.png ... 
2025-11-27 08:50:05 +0000  24109 bytes for ./Payload/GkuAppRebuild.app/AppIcon60x60@2x.png
2025-11-27 08:50:05 +0000  copying file ./Payload/GkuAppRebuild.app/AntDesign.ttf ... 
2025-11-27 08:50:05 +0000  70344 bytes for ./Payload/GkuAppRebuild.app/AntDesign.ttf
2025-11-27 08:50:05 +0000  copying file ./Payload/GkuAppRebuild.app/Foundation.ttf ... 
2025-11-27 08:50:05 +0000  56976 bytes for ./Payload/GkuAppRebuild.app/Foundation.ttf
2025-11-27 08:50:05 +0000  copying file ./Payload/GkuAppRebuild.app/Ionicons.ttf ... 
2025-11-27 08:50:05 +0000  442604 bytes for ./Payload/GkuAppRebuild.app/Ionicons.ttf
2025-11-27 08:50:05 +0000  copying file ./Payload/GkuAppRebuild.app/FontAwesome5_Solid.ttf ... 
2025-11-27 08:50:05 +0000  202744 bytes for ./Payload/GkuAppRebuild.app/FontAwesome5_Solid.ttf
2025-11-27 08:50:05 +0000  copying file ./Payload/GkuAppRebuild.app/FirebaseCoreInternal_Privacy.bundle/PrivacyInfo.xcprivacy ... 
2025-11-27 08:50:05 +0000  855 bytes for ./Payload/GkuAppRebuild.app/FirebaseCoreInternal_Privacy.bundle/PrivacyInfo.xcprivacy
copying file ./Payload/GkuAppRebuild.app/FirebaseCoreInternal_Privacy.bundle/Info.plist ... 
2025-11-27 08:50:05 +0000  804 bytes for ./Payload/GkuAppRebuild.app/FirebaseCoreInternal_Privacy.bundle/Info.plist
2025-11-27 08:50:05 +0000  copying file ./Payload/GkuAppRebuild.app/GoogleDataTransport_Privacy.bundle/PrivacyInfo.xcprivacy ... 
2025-11-27 08:50:05 +0000  1105 bytes for ./Payload/GkuAppRebuild.app/GoogleDataTransport_Privacy.bundle/PrivacyInfo.xcprivacy
2025-11-27 08:50:05 +0000  copying file ./Payload/GkuAppRebuild.app/GoogleDataTransport_Privacy.bundle/Info.plist ... 
2025-11-27 08:50:05 +0000  802 bytes for ./Payload/GkuAppRebuild.app/GoogleDataTransport_Privacy.bundle/Info.plist
2025-11-27 08:50:05 +0000  copying file ./Payload/GkuAppRebuild.app/FontAwesome5_Regular.ttf ... 
2025-11-27 08:50:05 +0000  33736 bytes for ./Payload/GkuAppRebuild.app/FontAwesome5_Regular.ttf
2025-11-27 08:50:05 +0000  copying file ./Payload/GkuAppRebuild.app/React-cxxreact_privacy.bundle/PrivacyInfo.xcprivacy ... 
2025-11-27 08:50:05 +0000  552 bytes for ./Payload/GkuAppRebuild.app/React-cxxreact_privacy.bundle/PrivacyInfo.xcprivacy
2025-11-27 08:50:05 +0000  copying file ./Payload/GkuAppRebuild.app/React-cxxreact_privacy.bundle/Info.plist ... 
2025-11-27 08:50:05 +0000  792 bytes for ./Payload/GkuAppRebuild.app/React-cxxreact_privacy.bundle/Info.plist
2025-11-27 08:50:05 +0000  copying file ./Payload/GkuAppRebuild.app/nanopb_Privacy.bundle/PrivacyInfo.xcprivacy ... 
2025-11-27 08:50:05 +0000  374 bytes for ./Payload/GkuAppRebuild.app/nanopb_Privacy.bundle/PrivacyInfo.xcprivacy
copying file ./Payload/GkuAppRebuild.app/nanopb_Privacy.bundle/Info.plist ... 
2025-11-27 08:50:05 +0000  777 bytes for ./Payload/GkuAppRebuild.app/nanopb_Privacy.bundle/Info.plist
2025-11-27 08:50:05 +0000  copying file ./Payload/GkuAppRebuild.app/FirebaseMessaging_Privacy.bundle/PrivacyInfo.xcprivacy ... 
2025-11-27 08:50:05 +0000  2357 bytes for ./Payload/GkuAppRebuild.app/FirebaseMessaging_Privacy.bundle/PrivacyInfo.xcprivacy
2025-11-27 08:50:05 +0000  copying file ./Payload/GkuAppRebuild.app/FirebaseMessaging_Privacy.bundle/Info.plist ... 
2025-11-27 08:50:05 +0000  798 bytes for ./Payload/GkuAppRebuild.app/FirebaseMessaging_Privacy.bundle/Info.plist
2025-11-27 08:50:05 +0000  copying file ./Payload/GkuAppRebuild.app/GoogleService-Info.plist ... 
2025-11-27 08:50:05 +0000  470 bytes for ./Payload/GkuAppRebuild.app/GoogleService-Info.plist
2025-11-27 08:50:05 +0000  copying file ./Payload/GkuAppRebuild.app/FirebaseCoreExtension_Privacy.bundle/PrivacyInfo.xcprivacy ... 
2025-11-27 08:50:05 +0000  478 bytes for ./Payload/GkuAppRebuild.app/FirebaseCoreExtension_Privacy.bundle/PrivacyInfo.xcprivacy
2025-11-27 08:50:05 +0000  copying file ./Payload/GkuAppRebuild.app/FirebaseCoreExtension_Privacy.bundle/Info.plist ... 
2025-11-27 08:50:05 +0000  806 bytes for ./Payload/GkuAppRebuild.app/FirebaseCoreExtension_Privacy.bundle/Info.plist
2025-11-27 08:50:05 +0000  copying file ./Payload/GkuAppRebuild.app/FontAwesome.ttf ... 
2025-11-27 08:50:05 +0000  165548 bytes for ./Payload/GkuAppRebuild.app/FontAwesome.ttf
2025-11-27 08:50:05 +0000  copying file ./Payload/GkuAppRebuild.app/Zocial.ttf ... 
2025-11-27 08:50:05 +0000  25788 bytes for ./Payload/GkuAppRebuild.app/Zocial.ttf
2025-11-27 08:50:05 +0000  copying file ./Payload/GkuAppRebuild.app/RCT-Folly_privacy.bundle/Info.plist ... 
2025-11-27 08:50:05 +0000  786 bytes for ./Payload/GkuAppRebuild.app/RCT-Folly_privacy.bundle/Info.plist
2025-11-27 08:50:05 +0000  copying file ./Payload/GkuAppRebuild.app/Assets.car ... 
2025-11-27 08:50:05 +0000  1211896 bytes for ./Payload/GkuAppRebuild.app/Assets.car
2025-11-27 08:50:05 +0000  copying file ./Payload/GkuAppRebuild.app/EvilIcons.ttf ... 
2025-11-27 08:50:05 +0000  13456 bytes for ./Payload/GkuAppRebuild.app/EvilIcons.ttf
2025-11-27 08:50:05 +0000  copying file ./Payload/GkuAppRebuild.app/FirebaseInstallations_Privacy.bundle/PrivacyInfo.xcprivacy ... 
2025-11-27 08:50:05 +0000  1105 bytes for ./Payload/GkuAppRebuild.app/FirebaseInstallations_Privacy.bundle/PrivacyInfo.xcprivacy
2025-11-27 08:50:05 +0000  copying file ./Payload/GkuAppRebuild.app/FirebaseInstallations_Privacy.bundle/Info.plist ... 
2025-11-27 08:50:05 +0000  806 bytes for ./Payload/GkuAppRebuild.app/FirebaseInstallations_Privacy.bundle/Info.plist
2025-11-27 08:50:05 +0000  copying file ./Payload/GkuAppRebuild.app/GoogleUtilities_Privacy.bundle/PrivacyInfo.xcprivacy ... 
2025-11-27 08:50:05 +0000  1233 bytes for ./Payload/GkuAppRebuild.app/GoogleUtilities_Privacy.bundle/PrivacyInfo.xcprivacy
2025-11-27 08:50:05 +0000  copying file ./Payload/GkuAppRebuild.app/GoogleUtilities_Privacy.bundle/Info.plist ... 
2025-11-27 08:50:05 +0000  793 bytes for ./Payload/GkuAppRebuild.app/GoogleUtilities_Privacy.bundle/Info.plist
2025-11-27 08:50:05 +0000  copying file ./Payload/GkuAppRebuild.app/main.jsbundle ... 
2025-11-27 08:50:06 +0000  6294341 bytes for ./Payload/GkuAppRebuild.app/main.jsbundle
2025-11-27 08:50:06 +0000  copying file ./Payload/GkuAppRebuild.app/FontAwesome6_Solid.ttf ... 
2025-11-27 08:50:06 +0000  423676 bytes for ./Payload/GkuAppRebuild.app/FontAwesome6_Solid.ttf
2025-11-27 08:50:06 +0000  copying file ./Payload/GkuAppRebuild.app/PrivacyInfo.xcprivacy ... 
2025-11-27 08:50:06 +0000  521 bytes for ./Payload/GkuAppRebuild.app/PrivacyInfo.xcprivacy
2025-11-27 08:50:06 +0000  copying file ./Payload/GkuAppRebuild.app/LaunchScreen.storyboardc/01J-lp-oVM-view-Ze5-6b-2t3.nib ... 
2025-11-27 08:50:06 +0000  3821 bytes for ./Payload/GkuAppRebuild.app/LaunchScreen.storyboardc/01J-lp-oVM-view-Ze5-6b-2t3.nib
2025-11-27 08:50:06 +0000  copying file ./Payload/GkuAppRebuild.app/LaunchScreen.storyboardc/UIViewController-01J-lp-oVM.nib ... 
2025-11-27 08:50:06 +0000  924 bytes for ./Payload/GkuAppRebuild.app/LaunchScreen.storyboardc/UIViewController-01J-lp-oVM.nib
2025-11-27 08:50:06 +0000  copying file ./Payload/GkuAppRebuild.app/LaunchScreen.storyboardc/Info.plist ... 
2025-11-27 08:50:06 +0000  258 bytes for ./Payload/GkuAppRebuild.app/LaunchScreen.storyboardc/Info.plist
2025-11-27 08:50:06 +0000  copying file ./Payload/GkuAppRebuild.app/boost_privacy.bundle/Info.plist ... 
2025-11-27 08:50:06 +0000  772 bytes for ./Payload/GkuAppRebuild.app/boost_privacy.bundle/Info.plist
2025-11-27 08:50:06 +0000  copying file ./Payload/GkuAppRebuild.app/Frameworks/hermes.framework/_CodeSignature/CodeResources ... 
2025-11-27 08:50:06 +0000  1798 bytes for ./Payload/GkuAppRebuild.app/Frameworks/hermes.framework/_CodeSignature/CodeResources
2025-11-27 08:50:06 +0000  copying file ./Payload/GkuAppRebuild.app/Frameworks/hermes.framework/hermes ... 
2025-11-27 08:50:06 +0000  4728064 bytes for ./Payload/GkuAppRebuild.app/Frameworks/hermes.framework/hermes
2025-11-27 08:50:06 +0000  copying file ./Payload/GkuAppRebuild.app/Frameworks/hermes.framework/Info.plist ... 
859 bytes for ./Payload/GkuAppRebuild.app/Frameworks/hermes.framework/Info.plist
2025-11-27 08:50:06 +0000  copying file ./Payload/GkuAppRebuild.app/SimpleLineIcons.ttf ... 
2025-11-27 08:50:06 +0000  54056 bytes for ./Payload/GkuAppRebuild.app/SimpleLineIcons.ttf
2025-11-27 08:50:06 +0000  copying file ./Payload/GkuAppRebuild.app/FontAwesome6_Brands.ttf ... 
2025-11-27 08:50:06 +0000  209376 bytes for ./Payload/GkuAppRebuild.app/FontAwesome6_Brands.ttf
2025-11-27 08:50:06 +0000  copying file ./Payload/GkuAppRebuild.app/embedded.mobileprovision ... 
2025-11-27 08:50:06 +0000  14418 bytes for ./Payload/GkuAppRebuild.app/embedded.mobileprovision
2025-11-27 08:50:06 +0000  copying file ./Payload/GkuAppRebuild.app/ReactNativeBlobUtilPrivacyInfo.bundle/PrivacyInfo.xcprivacy ... 
2025-11-27 08:50:06 +0000  753 bytes for ./Payload/GkuAppRebuild.app/ReactNativeBlobUtilPrivacyInfo.bundle/PrivacyInfo.xcprivacy
2025-11-27 08:50:06 +0000  copying file ./Payload/GkuAppRebuild.app/ReactNativeBlobUtilPrivacyInfo.bundle/Info.plist ... 
2025-11-27 08:50:06 +0000  808 bytes for ./Payload/GkuAppRebuild.app/ReactNativeBlobUtilPrivacyInfo.bundle/Info.plist
2025-11-27 08:50:06 +0000  copying file ./Payload/GkuAppRebuild.app/assets/node_modules/react-native-alert-notification/src/assets/info.png ... 
2025-11-27 08:50:06 +0000  1474 bytes for ./Payload/GkuAppRebuild.app/assets/node_modules/react-native-alert-notification/src/assets/info.png
2025-11-27 08:50:06 +0000  copying file ./Payload/GkuAppRebuild.app/assets/node_modules/react-native-alert-notification/src/assets/warning.png ... 
2025-11-27 08:50:06 +0000  2076 bytes for ./Payload/GkuAppRebuild.app/assets/node_modules/react-native-alert-notification/src/assets/warning.png
2025-11-27 08:50:06 +0000  copying file ./Payload/GkuAppRebuild.app/assets/node_modules/react-native-alert-notification/src/assets/success.png ... 
2025-11-27 08:50:06 +0000  2224 bytes for ./Payload/GkuAppRebuild.app/assets/node_modules/react-native-alert-notification/src/assets/success.png
2025-11-27 08:50:06 +0000  copying file ./Payload/GkuAppRebuild.app/assets/node_modules/react-native-alert-notification/src/assets/danger.png ... 
2025-11-27 08:50:06 +0000  1881 bytes for ./Payload/GkuAppRebuild.app/assets/node_modules/react-native-alert-notification/src/assets/danger.png
2025-11-27 08:50:06 +0000  copying file ./Payload/GkuAppRebuild.app/assets/node_modules/react-native-dropdown-select-list/assets/images/check.png ... 
2025-11-27 08:50:06 +0000  426 bytes for ./Payload/GkuAppRebuild.app/assets/node_modules/react-native-dropdown-select-list/assets/images/check.png
2025-11-27 08:50:06 +0000  copying file ./Payload/GkuAppRebuild.app/assets/node_modules/react-native-dropdown-select-list/assets/images/chevron.png ... 
2025-11-27 08:50:06 +0000  269 bytes for ./Payload/GkuAppRebuild.app/assets/node_modules/react-native-dropdown-select-list/assets/images/chevron.png
2025-11-27 08:50:06 +0000  copying file ./Payload/GkuAppRebuild.app/assets/node_modules/react-native-dropdown-select-list/assets/images/search.png ... 
2025-11-27 08:50:06 +0000  337 bytes for ./Payload/GkuAppRebuild.app/assets/node_modules/react-native-dropdown-select-list/assets/images/search.png
copying file ./Payload/GkuAppRebuild.app/assets/node_modules/react-native-dropdown-select-list/assets/images/close.png ... 
2025-11-27 08:50:06 +0000  506 bytes for ./Payload/GkuAppRebuild.app/assets/node_modules/react-native-dropdown-select-list/assets/images/close.png
2025-11-27 08:50:06 +0000  copying file ./Payload/GkuAppRebuild.app/assets/node_modules/@react-navigation/drawer/lib/module/views/assets/toggle-drawer-icon@3x.png ... 
2025-11-27 08:50:06 +0000  212 bytes for ./Payload/GkuAppRebuild.app/assets/node_modules/@react-navigation/drawer/lib/module/views/assets/toggle-drawer-icon@3x.png
2025-11-27 08:50:06 +0000  copying file ./Payload/GkuAppRebuild.app/assets/node_modules/@react-navigation/drawer/lib/module/views/assets/toggle-drawer-icon@2x.png ... 
2025-11-27 08:50:06 +0000  163 bytes for ./Payload/GkuAppRebuild.app/assets/node_modules/@react-navigation/drawer/lib/module/views/assets/toggle-drawer-icon@2x.png
2025-11-27 08:50:06 +0000  copying file ./Payload/GkuAppRebuild.app/assets/node_modules/@react-navigation/drawer/lib/module/views/assets/toggle-drawer-icon.png ... 
2025-11-27 08:50:06 +0000  108 bytes for ./Payload/GkuAppRebuild.app/assets/node_modules/@react-navigation/drawer/lib/module/views/assets/toggle-drawer-icon.png
2025-11-27 08:50:06 +0000  copying file ./Payload/GkuAppRebuild.app/assets/node_modules/@react-navigation/elements/lib/module/assets/back-icon@3x.png ... 
2025-11-27 08:50:06 +0000  761 bytes for ./Payload/GkuAppRebuild.app/assets/node_modules/@react-navigation/elements/lib/module/assets/back-icon@3x.png
2025-11-27 08:50:06 +0000  copying file ./Payload/GkuAppRebuild.app/assets/node_modules/@react-navigation/elements/lib/module/assets/back-icon@2x.png ... 
2025-11-27 08:50:06 +0000  405 bytes for ./Payload/GkuAppRebuild.app/assets/node_modules/@react-navigation/elements/lib/module/assets/back-icon@2x.png
2025-11-27 08:50:06 +0000  copying file ./Payload/GkuAppRebuild.app/assets/node_modules/@react-navigation/elements/lib/module/assets/search-icon@2x.png ... 
2025-11-27 08:50:06 +0000  589 bytes for ./Payload/GkuAppRebuild.app/assets/node_modules/@react-navigation/elements/lib/module/assets/search-icon@2x.png
2025-11-27 08:50:06 +0000  copying file ./Payload/GkuAppRebuild.app/assets/node_modules/@react-navigation/elements/lib/module/assets/clear-icon@3x.png ... 
2025-11-27 08:50:06 +0000  502 bytes for ./Payload/GkuAppRebuild.app/assets/node_modules/@react-navigation/elements/lib/module/assets/clear-icon@3x.png
2025-11-27 08:50:06 +0000  copying file ./Payload/GkuAppRebuild.app/assets/node_modules/@react-navigation/elements/lib/module/assets/back-icon.png ... 
2025-11-27 08:50:06 +0000  290 bytes for ./Payload/GkuAppRebuild.app/assets/node_modules/@react-navigation/elements/lib/module/assets/back-icon.png
2025-11-27 08:50:06 +0000  copying file ./Payload/GkuAppRebuild.app/assets/node_modules/@react-navigation/elements/lib/module/assets/clear-icon@2x.png ... 
2025-11-27 08:50:06 +0000  334 bytes for ./Payload/GkuAppRebuild.app/assets/node_modules/@react-navigation/elements/lib/module/assets/clear-icon@2x.png
2025-11-27 08:50:06 +0000  copying file ./Payload/GkuAppRebuild.app/assets/node_modules/@react-navigation/elements/lib/module/assets/search-icon@3x.png ... 
2025-11-27 08:50:06 +0000  839 bytes for ./Payload/GkuAppRebuild.app/assets/node_modules/@react-navigation/elements/lib/module/assets/search-icon@3x.png
2025-11-27 08:50:06 +0000  copying file ./Payload/GkuAppRebuild.app/assets/node_modules/@react-navigation/elements/lib/module/assets/close-icon.png ... 
2025-11-27 08:50:06 +0000  141 bytes for ./Payload/GkuAppRebuild.app/assets/node_modules/@react-navigation/elements/lib/module/assets/close-icon.png
2025-11-27 08:50:06 +0000  copying file ./Payload/GkuAppRebuild.app/assets/node_modules/@react-navigation/elements/lib/module/assets/back-icon-mask.png ... 
2025-11-27 08:50:06 +0000  653 bytes for ./Payload/GkuAppRebuild.app/assets/node_modules/@react-navigation/elements/lib/module/assets/back-icon-mask.png
2025-11-27 08:50:06 +0000  copying file ./Payload/GkuAppRebuild.app/assets/node_modules/@react-navigation/elements/lib/module/assets/close-icon@2x.png ... 
2025-11-27 08:50:06 +0000  201 bytes for ./Payload/GkuAppRebuild.app/assets/node_modules/@react-navigation/elements/lib/module/assets/close-icon@2x.png
2025-11-27 08:50:06 +0000  copying file ./Payload/GkuAppRebuild.app/assets/node_modules/@react-navigation/elements/lib/module/assets/close-icon@3x.png ... 
2025-11-27 08:50:06 +0000  266 bytes for ./Payload/GkuAppRebuild.app/assets/node_modules/@react-navigation/elements/lib/module/assets/close-icon@3x.png
2025-11-27 08:50:06 +0000  copying file ./Payload/GkuAppRebuild.app/assets/node_modules/@react-navigation/elements/lib/module/assets/clear-icon.png ... 
2025-11-27 08:50:06 +0000  220 bytes for ./Payload/GkuAppRebuild.app/assets/node_modules/@react-navigation/elements/lib/module/assets/clear-icon.png
2025-11-27 08:50:06 +0000  copying file ./Payload/GkuAppRebuild.app/assets/node_modules/@react-navigation/elements/lib/module/assets/search-icon.png ... 
2025-11-27 08:50:06 +0000  317 bytes for ./Payload/GkuAppRebuild.app/assets/node_modules/@react-navigation/elements/lib/module/assets/search-icon.png
2025-11-27 08:50:06 +0000  copying file ./Payload/GkuAppRebuild.app/assets/node_modules/react-native-paper/src/assets/back-chevron.png ... 
2025-11-27 08:50:06 +0000  489 bytes for ./Payload/GkuAppRebuild.app/assets/node_modules/react-native-paper/src/assets/back-chevron.png
2025-11-27 08:50:06 +0000  copying file ./Payload/GkuAppRebuild.app/assets/src/images/UserProfile.png ... 
2025-11-27 08:50:06 +0000  65407 bytes for ./Payload/GkuAppRebuild.app/assets/src/images/UserProfile.png
2025-11-27 08:50:06 +0000  copying file ./Payload/GkuAppRebuild.app/assets/src/images/new-logo.png ... 
2025-11-27 08:50:06 +0000  62069 bytes for ./Payload/GkuAppRebuild.app/assets/src/images/new-logo.png
2025-11-27 08:50:06 +0000  copying file ./Payload/GkuAppRebuild.app/assets/src/images/join-logo.png ... 
2025-11-27 08:50:06 +0000  1538179 bytes for ./Payload/GkuAppRebuild.app/assets/src/images/join-logo.png
2025-11-27 08:50:06 +0000  copying file ./Payload/GkuAppRebuild.app/assets/src/images/lock.png ... 
2025-11-27 08:50:06 +0000  1271430 bytes for ./Payload/GkuAppRebuild.app/assets/src/images/lock.png
2025-11-27 08:50:06 +0000  copying file ./Payload/GkuAppRebuild.app/assets/src/images/naaclogo.png ... 
2025-11-27 08:50:06 +0000  28745 bytes for ./Payload/GkuAppRebuild.app/assets/src/images/naaclogo.png
2025-11-27 08:50:06 +0000  copying file ./Payload/GkuAppRebuild.app/assets/src/images/loading.gif ... 
2025-11-27 08:50:06 +0000  69228 bytes for ./Payload/GkuAppRebuild.app/assets/src/images/loading.gif
2025-11-27 08:50:06 +0000  copying file ./Payload/GkuAppRebuild.app/assets/src/images/carousal2.webp ... 
2025-11-27 08:50:06 +0000  21132 bytes for ./Payload/GkuAppRebuild.app/assets/src/images/carousal2.webp
2025-11-27 08:50:06 +0000  copying file ./Payload/GkuAppRebuild.app/assets/src/images/carousal4.jpg ... 
2025-11-27 08:50:06 +0000  73983 bytes for ./Payload/GkuAppRebuild.app/assets/src/images/carousal4.jpg
2025-11-27 08:50:06 +0000  copying file ./Payload/GkuAppRebuild.app/assets/src/images/profileReject.png ... 
2025-11-27 08:50:06 +0000  20550 bytes for ./Payload/GkuAppRebuild.app/assets/src/images/profileReject.png
2025-11-27 08:50:06 +0000  copying file ./Payload/GkuAppRebuild.app/assets/src/images/carousal1.jpg ... 
2025-11-27 08:50:06 +0000  184968 bytes for ./Payload/GkuAppRebuild.app/assets/src/images/carousal1.jpg
2025-11-27 08:50:06 +0000  copying file ./Payload/GkuAppRebuild.app/assets/src/images/profile.jpg ... 
2025-11-27 08:50:06 +0000  67908 bytes for ./Payload/GkuAppRebuild.app/assets/src/images/profile.jpg
2025-11-27 08:50:06 +0000  copying file ./Payload/GkuAppRebuild.app/assets/src/images/carousal3.jpg ... 
2025-11-27 08:50:06 +0000  94589 bytes for ./Payload/GkuAppRebuild.app/assets/src/images/carousal3.jpg
2025-11-27 08:50:06 +0000  copying file ./Payload/GkuAppRebuild.app/assets/src/images/bgLogin.jpg ... 
2025-11-27 08:50:06 +0000  1666949 bytes for ./Payload/GkuAppRebuild.app/assets/src/images/bgLogin.jpg
2025-11-27 08:50:06 +0000  copying file ./Payload/GkuAppRebuild.app/assets/src/images/gku-logo.png ... 
2025-11-27 08:50:06 +0000  34467 bytes for ./Payload/GkuAppRebuild.app/assets/src/images/gku-logo.png
2025-11-27 08:50:06 +0000  copying file ./Payload/GkuAppRebuild.app/Info.plist ... 
2025-11-27 08:50:06 +0000  4618 bytes for ./Payload/GkuAppRebuild.app/Info.plist
2025-11-27 08:50:06 +0000  copying file ./Payload/GkuAppRebuild.app/PkgInfo ... 
2025-11-27 08:50:06 +0000  8 bytes for ./Payload/GkuAppRebuild.app/PkgInfo
2025-11-27 08:50:06 +0000  copying file ./Payload/GkuAppRebuild.app/MaterialIcons.ttf ... 
2025-11-27 08:50:06 +0000  356840 bytes for ./Payload/GkuAppRebuild.app/MaterialIcons.ttf
2025-11-27 08:50:06 +0000  copying file ./Payload/GkuAppRebuild.app/React-Core_privacy.bundle/PrivacyInfo.xcprivacy ... 
2025-11-27 08:50:06 +0000  768 bytes for ./Payload/GkuAppRebuild.app/React-Core_privacy.bundle/PrivacyInfo.xcprivacy
2025-11-27 08:50:06 +0000  copying file ./Payload/GkuAppRebuild.app/React-Core_privacy.bundle/Info.plist ... 
2025-11-27 08:50:06 +0000  784 bytes for ./Payload/GkuAppRebuild.app/React-Core_privacy.bundle/Info.plist
2025-11-27 08:50:06 +0000  copying file ./Payload/GkuAppRebuild.app/GkuAppRebuild ... 
2025-11-27 08:50:06 +0000  8220368 bytes for ./Payload/GkuAppRebuild.app/GkuAppRebuild
2025-11-27 08:50:06 +0000  copying file ./Symbols/4CB76E29-0041-38C3-A592-4BCB4ECB4196.symbols ... 
2025-11-27 08:50:07 +0000  38328420 bytes for ./Symbols/4CB76E29-0041-38C3-A592-4BCB4ECB4196.symbols
2025-11-27 08:50:07 +0000  /usr/bin/ditto exited with 0
2025-11-27 08:50:07 +0000  Processing step: IDEDistributionAppStoreInformationStep
2025-11-27 08:50:07 +0000  Skipping step: IDEDistributionAppStoreInformationStep because it said so
2025-11-27 08:50:07 +0000  Processing step: IDEDistributionGenerateProcessedDistributionItems
2025-11-27 08:50:07 +0000  IDEDistributionItem init <DVTFilePath:0x8dcf1dff0:'/var/folders/2t/swskv1n97mx59668qs37p9ym0000gn/T/XcodeDistPipeline.~~~zFVqXz/Root/Payload/GkuAppRebuild.app/Frameworks/hermes.framework'>
2025-11-27 08:50:07 +0000  IDEDistributionItem init <DVTFilePath:0x8dcf1db20:'/var/folders/2t/swskv1n97mx59668qs37p9ym0000gn/T/XcodeDistPipeline.~~~zFVqXz/Root/Payload/GkuAppRebuild.app'>
2025-11-27 08:50:07 +0000  Processing step: IDEDistributionCreateManifestStep
2025-11-27 08:50:07 +0000  Skipping step: IDEDistributionCreateManifestStep because it said so
